{"name": "test[features/forgot_password.feature-Forgot password tests-Register new user and then reset password for user then login]", "status": "broken", "statusDetails": {"message": "selenium.common.exceptions.NoSuchWindowException: Message: no such window: target window already closed\nfrom unknown error: web view not found\n  (Session info: chrome=109.0.5414.119)\nStacktrace:\n0   chromedriver                        0x0000000104a930fc chromedriver + 4223228\n1   chromedriver                        0x0000000104a1b284 chromedriver + 3732100\n2   chromedriver                        0x00000001046cf5c8 chromedriver + 275912\n3   chromedriver                        0x00000001046a97b0 chromedriver + 120752\n4   chromedriver                        0x00000001047300f8 chromedriver + 671992\n5   chromedriver                        0x0000000104742b18 chromedriver + 748312\n6   chromedriver                        0x00000001046fd748 chromedriver + 464712\n7   chromedriver                        0x00000001046fe7f0 chromedriver + 468976\n8   chromedriver                        0x0000000104a63e08 chromedriver + 4029960\n9   chromedriver                        0x0000000104a67698 chromedriver + 4044440\n10  chromedriver                        0x0000000104a67cc0 chromedriver + 4046016\n11  chromedriver                        0x0000000104a6e4c4 chromedriver + 4072644\n12  chromedriver                        0x0000000104a6836c chromedriver + 4047724\n13  chromedriver                        0x0000000104a40bd8 chromedriver + 3886040\n14  chromedriver                        0x0000000104a84efc chromedriver + 4165372\n15  chromedriver                        0x0000000104a85050 chromedriver + 4165712\n16  chromedriver                        0x0000000104a99e20 chromedriver + 4251168\n17  libsystem_pthread.dylib             0x0000000189a5d06c _pthread_start + 148\n18  libsystem_pthread.dylib             0x0000000189a57e2c thread_start + 8", "trace": "self = <pytest_bdd.runner.ScenarioRunner object at 0x109361750>, item = <Function test[features/forgot_password.feature-Forgot password tests-Register new user and then reset password for user then login]>\n\n    def pytest_runtest_call(self, item: Item):\n        if \"pytest_bdd_scenario\" in list(map(attrgetter(\"name\"), item.iter_markers())):\n            self.request = item._request\n            self.feature = self.request.getfixturevalue(\"feature\")\n            self.scenario = self.request.getfixturevalue(\"scenario\")\n            self.plugin_manager = self.request.config.hook\n            self.plugin_manager.pytest_bdd_before_scenario(\n                request=self.request, feature=self.feature, scenario=self.scenario\n            )\n            try:\n>               self.plugin_manager.pytest_bdd_run_scenario(\n                    request=self.request,\n                    feature=self.feature,\n                    scenario=self.scenario,\n                )\n\n../venv/lib/python3.10/site-packages/pytest_bdd/runner.py:35: \n_ _ _ _ _ _ _ _ _ _ _ _ _ _ _ _ _ _ _ _ _ _ _ _ _ _ _ _ _ _ _ _ _ _ _ _ _ _ _ _ _ _ _ _ _ _ _ _ _ _ _ _ _ _ _ _ _ _ _ _ _ _ _ _ _ _ _ _ _ _ _ _ _ _ _ _ _ _ _ _ _ _ _ _ _ _ _ _ _ _ _ _ _ _ _ _ _ _ _ _ _ _ _ _ _ _ _ _ _ _ _ _ _ _ _ _ _ _ _ _ _ _ _ _ _ _ _ _ _ _ _ _ _ _ _ _ _ _ _ _ _ _ _ _ _ _ _ _ _ _ _ _ _ _ _ _ \n../venv/lib/python3.10/site-packages/pytest_bdd/runner.py:57: in pytest_bdd_run_scenario\n    return step_dispatcher(steps)\n../venv/lib/python3.10/site-packages/pytest_bdd/runner.py:67: in dispatcher\n    self.plugin_manager.pytest_bdd_run_step(\n../venv/lib/python3.10/site-packages/pytest_bdd/runner.py:108: in pytest_bdd_run_step\n    step_result = step_caller()\ntest_reset_password.py:42: in user_not_logged_in\n    pages['about_page'].user_is_not_logged_in()\n../pages/about_page.py:33: in user_is_not_logged_in\n    status = self.is_elem_enabled(self.REGISTER_LINK)\n../pages/base_page.py:104: in is_elem_enabled\n    el = self._wait.until(expected_conditions.visibility_of_element_located(webelement))\n../venv/lib/python3.10/site-packages/selenium/webdriver/support/wait.py:86: in until\n    value = method(self._driver)\n../venv/lib/python3.10/site-packages/selenium/webdriver/support/expected_conditions.py:139: in _predicate\n    return _element_if_visible(driver.find_element(*locator))\n../venv/lib/python3.10/site-packages/selenium/webdriver/remote/webdriver.py:830: in find_element\n    return self.execute(Command.FIND_ELEMENT, {\"using\": by, \"value\": value})[\"value\"]\n../venv/lib/python3.10/site-packages/selenium/webdriver/remote/webdriver.py:440: in execute\n    self.error_handler.check_response(response)\n_ _ _ _ _ _ _ _ _ _ _ _ _ _ _ _ _ _ _ _ _ _ _ _ _ _ _ _ _ _ _ _ _ _ _ _ _ _ _ _ _ _ _ _ _ _ _ _ _ _ _ _ _ _ _ _ _ _ _ _ _ _ _ _ _ _ _ _ _ _ _ _ _ _ _ _ _ _ _ _ _ _ _ _ _ _ _ _ _ _ _ _ _ _ _ _ _ _ _ _ _ _ _ _ _ _ _ _ _ _ _ _ _ _ _ _ _ _ _ _ _ _ _ _ _ _ _ _ _ _ _ _ _ _ _ _ _ _ _ _ _ _ _ _ _ _ _ _ _ _ _ _ _ _ _ _ \n\nself = <selenium.webdriver.remote.errorhandler.ErrorHandler object at 0x1096deb90>\nresponse = {'status': 404, 'value': '{\"value\":{\"error\":\"no such window\",\"message\":\"no such window: target window already closed\\\\...000189a5d06c _pthread_start + 148\\\\n18  libsystem_pthread.dylib             0x0000000189a57e2c thread_start + 8\\\\n\"}}'}\n\n    def check_response(self, response: Dict[str, Any]) -> None:\n        \"\"\"Checks that a JSON response from the WebDriver does not have an\n        error.\n    \n        :Args:\n         - response - The JSON response from the WebDriver server as a dictionary\n           object.\n    \n        :Raises: If the response contains an error message.\n        \"\"\"\n        status = response.get(\"status\", None)\n        if not status or status == ErrorCode.SUCCESS:\n            return\n        value = None\n        message = response.get(\"message\", \"\")\n        screen: str = response.get(\"screen\", \"\")\n        stacktrace = None\n        if isinstance(status, int):\n            value_json = response.get(\"value\", None)\n            if value_json and isinstance(value_json, str):\n                import json\n    \n                try:\n                    value = json.loads(value_json)\n                    if len(value.keys()) == 1:\n                        value = value[\"value\"]\n                    status = value.get(\"error\", None)\n                    if not status:\n                        status = value.get(\"status\", ErrorCode.UNKNOWN_ERROR)\n                        message = value.get(\"value\") or value.get(\"message\")\n                        if not isinstance(message, str):\n                            value = message\n                            message = message.get(\"message\")\n                    else:\n                        message = value.get(\"message\", None)\n                except ValueError:\n                    pass\n    \n        exception_class: Type[WebDriverException]\n        if status in ErrorCode.NO_SUCH_ELEMENT:\n            exception_class = NoSuchElementException\n        elif status in ErrorCode.NO_SUCH_FRAME:\n            exception_class = NoSuchFrameException\n        elif status in ErrorCode.NO_SUCH_SHADOW_ROOT:\n            exception_class = NoSuchShadowRootException\n        elif status in ErrorCode.NO_SUCH_WINDOW:\n            exception_class = NoSuchWindowException\n        elif status in ErrorCode.STALE_ELEMENT_REFERENCE:\n            exception_class = StaleElementReferenceException\n        elif status in ErrorCode.ELEMENT_NOT_VISIBLE:\n            exception_class = ElementNotVisibleException\n        elif status in ErrorCode.INVALID_ELEMENT_STATE:\n            exception_class = InvalidElementStateException\n        elif (\n            status in ErrorCode.INVALID_SELECTOR\n            or status in ErrorCode.INVALID_XPATH_SELECTOR\n            or status in ErrorCode.INVALID_XPATH_SELECTOR_RETURN_TYPER\n        ):\n            exception_class = InvalidSelectorException\n        elif status in ErrorCode.ELEMENT_IS_NOT_SELECTABLE:\n            exception_class = ElementNotSelectableException\n        elif status in ErrorCode.ELEMENT_NOT_INTERACTABLE:\n            exception_class = ElementNotInteractableException\n        elif status in ErrorCode.INVALID_COOKIE_DOMAIN:\n            exception_class = InvalidCookieDomainException\n        elif status in ErrorCode.UNABLE_TO_SET_COOKIE:\n            exception_class = UnableToSetCookieException\n        elif status in ErrorCode.TIMEOUT:\n            exception_class = TimeoutException\n        elif status in ErrorCode.SCRIPT_TIMEOUT:\n            exception_class = TimeoutException\n        elif status in ErrorCode.UNKNOWN_ERROR:\n            exception_class = WebDriverException\n        elif status in ErrorCode.UNEXPECTED_ALERT_OPEN:\n            exception_class = UnexpectedAlertPresentException\n        elif status in ErrorCode.NO_ALERT_OPEN:\n            exception_class = NoAlertPresentException\n        elif status in ErrorCode.IME_NOT_AVAILABLE:\n            exception_class = ImeNotAvailableException\n        elif status in ErrorCode.IME_ENGINE_ACTIVATION_FAILED:\n            exception_class = ImeActivationFailedException\n        elif status in ErrorCode.MOVE_TARGET_OUT_OF_BOUNDS:\n            exception_class = MoveTargetOutOfBoundsException\n        elif status in ErrorCode.JAVASCRIPT_ERROR:\n            exception_class = JavascriptException\n        elif status in ErrorCode.SESSION_NOT_CREATED:\n            exception_class = SessionNotCreatedException\n        elif status in ErrorCode.INVALID_ARGUMENT:\n            exception_class = InvalidArgumentException\n        elif status in ErrorCode.NO_SUCH_COOKIE:\n            exception_class = NoSuchCookieException\n        elif status in ErrorCode.UNABLE_TO_CAPTURE_SCREEN:\n            exception_class = ScreenshotException\n        elif status in ErrorCode.ELEMENT_CLICK_INTERCEPTED:\n            exception_class = ElementClickInterceptedException\n        elif status in ErrorCode.INSECURE_CERTIFICATE:\n            exception_class = InsecureCertificateException\n        elif status in ErrorCode.INVALID_COORDINATES:\n            exception_class = InvalidCoordinatesException\n        elif status in ErrorCode.INVALID_SESSION_ID:\n            exception_class = InvalidSessionIdException\n        elif status in ErrorCode.UNKNOWN_METHOD:\n            exception_class = UnknownMethodException\n        else:\n            exception_class = WebDriverException\n        if not value:\n            value = response[\"value\"]\n        if isinstance(value, str):\n            raise exception_class(value)\n        if message == \"\" and \"message\" in value:\n            message = value[\"message\"]\n    \n        screen = None  # type: ignore[assignment]\n        if \"screen\" in value:\n            screen = value[\"screen\"]\n    \n        stacktrace = None\n        st_value = value.get(\"stackTrace\") or value.get(\"stacktrace\")\n        if st_value:\n            if isinstance(st_value, str):\n                stacktrace = st_value.split(\"\\n\")\n            else:\n                stacktrace = []\n                try:\n                    for frame in st_value:\n                        line = frame.get(\"lineNumber\", \"\")\n                        file = frame.get(\"fileName\", \"<anonymous>\")\n                        if line:\n                            file = f\"{file}:{line}\"\n                        meth = frame.get(\"methodName\", \"<anonymous>\")\n                        if \"className\" in frame:\n                            meth = f\"{frame['className']}.{meth}\"\n                        msg = \"    at %s (%s)\"\n                        msg = msg % (meth, file)\n                        stacktrace.append(msg)\n                except TypeError:\n                    pass\n        if exception_class == UnexpectedAlertPresentException:\n            alert_text = None\n            if \"data\" in value:\n                alert_text = value[\"data\"].get(\"text\")\n            elif \"alert\" in value:\n                alert_text = value[\"alert\"].get(\"text\")\n            raise exception_class(message, screen, stacktrace, alert_text)  # type: ignore[call-arg]  # mypy is not smart enough here\n>       raise exception_class(message, screen, stacktrace)\nE       selenium.common.exceptions.NoSuchWindowException: Message: no such window: target window already closed\nE       from unknown error: web view not found\nE         (Session info: chrome=109.0.5414.119)\nE       Stacktrace:\nE       0   chromedriver                        0x0000000104a930fc chromedriver + 4223228\nE       1   chromedriver                        0x0000000104a1b284 chromedriver + 3732100\nE       2   chromedriver                        0x00000001046cf5c8 chromedriver + 275912\nE       3   chromedriver                        0x00000001046a97b0 chromedriver + 120752\nE       4   chromedriver                        0x00000001047300f8 chromedriver + 671992\nE       5   chromedriver                        0x0000000104742b18 chromedriver + 748312\nE       6   chromedriver                        0x00000001046fd748 chromedriver + 464712\nE       7   chromedriver                        0x00000001046fe7f0 chromedriver + 468976\nE       8   chromedriver                        0x0000000104a63e08 chromedriver + 4029960\nE       9   chromedriver                        0x0000000104a67698 chromedriver + 4044440\nE       10  chromedriver                        0x0000000104a67cc0 chromedriver + 4046016\nE       11  chromedriver                        0x0000000104a6e4c4 chromedriver + 4072644\nE       12  chromedriver                        0x0000000104a6836c chromedriver + 4047724\nE       13  chromedriver                        0x0000000104a40bd8 chromedriver + 3886040\nE       14  chromedriver                        0x0000000104a84efc chromedriver + 4165372\nE       15  chromedriver                        0x0000000104a85050 chromedriver + 4165712\nE       16  chromedriver                        0x0000000104a99e20 chromedriver + 4251168\nE       17  libsystem_pthread.dylib             0x0000000189a5d06c _pthread_start + 148\nE       18  libsystem_pthread.dylib             0x0000000189a57e2c thread_start + 8\n\n../venv/lib/python3.10/site-packages/selenium/webdriver/remote/errorhandler.py:245: NoSuchWindowException"}, "steps": [{"name": "Register new user and then reset password for user then login [features/forgot_password.feature-Forgot password tests-Register new user and then reset password for user then login]", "steps": [{"name": "Given User is not logged in.", "status": "broken", "statusDetails": {"message": "selenium.common.exceptions.NoSuchWindowException: Message: no such window: target window already closed\nfrom unknown error: web view not found\n  (Session info: chrome=109.0.5414.119)\nStacktrace:\n0   chromedriver                        0x0000000104a930fc chromedriver + 4223228\n1   chromedriver                        0x0000000104a1b284 chromedriver + 3732100\n2   chromedriver                        0x00000001046cf5c8 chromedriver + 275912\n3   chromedriver                        0x00000001046a97b0 chromedriver + 120752\n4   chromedriver                        0x00000001047300f8 chromedriver + 671992\n5   chromedriver                        0x0000000104742b18 chromedriver + 748312\n6   chromedriver                        0x00000001046fd748 chromedriver + 464712\n7   chromedriver                        0x00000001046fe7f0 chromedriver + 468976\n8   chromedriver                        0x0000000104a63e08 chromedriver + 4029960\n9   chromedriver                        0x0000000104a67698 chromedriver + 4044440\n10  chromedriver                        0x0000000104a67cc0 chromedriver + 4046016\n11  chromedriver                        0x0000000104a6e4c4 chromedriver + 4072644\n12  chromedriver                        0x0000000104a6836c chromedriver + 4047724\n13  chromedriver                        0x0000000104a40bd8 chromedriver + 3886040\n14  chromedriver                        0x0000000104a84efc chromedriver + 4165372\n15  chromedriver                        0x0000000104a85050 chromedriver + 4165712\n16  chromedriver                        0x0000000104a99e20 chromedriver + 4251168\n17  libsystem_pthread.dylib             0x0000000189a5d06c _pthread_start + 148\n18  libsystem_pthread.dylib             0x0000000189a57e2c thread_start + 8\n\n", "trace": "  File \"/Users/razvan/Work/qa_manga_web/venv/lib/python3.10/site-packages/allure_commons/_allure.py\", line 192, in impl\n    return func(*a, **kw)\n  File \"/Users/razvan/Work/qa_manga_web/venv/lib/python3.10/site-packages/allure_commons/_allure.py\", line 192, in impl\n    return func(*a, **kw)\n  File \"/Users/razvan/Work/qa_manga_web/venv/lib/python3.10/site-packages/allure_commons/_allure.py\", line 192, in impl\n    return func(*a, **kw)\n  [Previous line repeated 2 more times]\n  File \"/Users/razvan/Work/qa_manga_web/web_tests/test_reset_password.py\", line 42, in user_not_logged_in\n    pages['about_page'].user_is_not_logged_in()\n  File \"/Users/razvan/Work/qa_manga_web/venv/lib/python3.10/site-packages/allure_commons/_allure.py\", line 192, in impl\n    return func(*a, **kw)\n  File \"/Users/razvan/Work/qa_manga_web/pages/about_page.py\", line 33, in user_is_not_logged_in\n    status = self.is_elem_enabled(self.REGISTER_LINK)\n  File \"/Users/razvan/Work/qa_manga_web/pages/base_page.py\", line 104, in is_elem_enabled\n    el = self._wait.until(expected_conditions.visibility_of_element_located(webelement))\n  File \"/Users/razvan/Work/qa_manga_web/venv/lib/python3.10/site-packages/selenium/webdriver/support/wait.py\", line 86, in until\n    value = method(self._driver)\n  File \"/Users/razvan/Work/qa_manga_web/venv/lib/python3.10/site-packages/selenium/webdriver/support/expected_conditions.py\", line 139, in _predicate\n    return _element_if_visible(driver.find_element(*locator))\n  File \"/Users/razvan/Work/qa_manga_web/venv/lib/python3.10/site-packages/selenium/webdriver/remote/webdriver.py\", line 830, in find_element\n    return self.execute(Command.FIND_ELEMENT, {\"using\": by, \"value\": value})[\"value\"]\n  File \"/Users/razvan/Work/qa_manga_web/venv/lib/python3.10/site-packages/selenium/webdriver/remote/webdriver.py\", line 440, in execute\n    self.error_handler.check_response(response)\n  File \"/Users/razvan/Work/qa_manga_web/venv/lib/python3.10/site-packages/selenium/webdriver/remote/errorhandler.py\", line 245, in check_response\n    raise exception_class(message, screen, stacktrace)\n"}, "steps": [{"name": "Given User is not logged in.", "status": "broken", "statusDetails": {"message": "selenium.common.exceptions.NoSuchWindowException: Message: no such window: target window already closed\nfrom unknown error: web view not found\n  (Session info: chrome=109.0.5414.119)\nStacktrace:\n0   chromedriver                        0x0000000104a930fc chromedriver + 4223228\n1   chromedriver                        0x0000000104a1b284 chromedriver + 3732100\n2   chromedriver                        0x00000001046cf5c8 chromedriver + 275912\n3   chromedriver                        0x00000001046a97b0 chromedriver + 120752\n4   chromedriver                        0x00000001047300f8 chromedriver + 671992\n5   chromedriver                        0x0000000104742b18 chromedriver + 748312\n6   chromedriver                        0x00000001046fd748 chromedriver + 464712\n7   chromedriver                        0x00000001046fe7f0 chromedriver + 468976\n8   chromedriver                        0x0000000104a63e08 chromedriver + 4029960\n9   chromedriver                        0x0000000104a67698 chromedriver + 4044440\n10  chromedriver                        0x0000000104a67cc0 chromedriver + 4046016\n11  chromedriver                        0x0000000104a6e4c4 chromedriver + 4072644\n12  chromedriver                        0x0000000104a6836c chromedriver + 4047724\n13  chromedriver                        0x0000000104a40bd8 chromedriver + 3886040\n14  chromedriver                        0x0000000104a84efc chromedriver + 4165372\n15  chromedriver                        0x0000000104a85050 chromedriver + 4165712\n16  chromedriver                        0x0000000104a99e20 chromedriver + 4251168\n17  libsystem_pthread.dylib             0x0000000189a5d06c _pthread_start + 148\n18  libsystem_pthread.dylib             0x0000000189a57e2c thread_start + 8\n\n", "trace": "  File \"/Users/razvan/Work/qa_manga_web/venv/lib/python3.10/site-packages/allure_commons/_allure.py\", line 192, in impl\n    return func(*a, **kw)\n  File \"/Users/razvan/Work/qa_manga_web/venv/lib/python3.10/site-packages/allure_commons/_allure.py\", line 192, in impl\n    return func(*a, **kw)\n  File \"/Users/razvan/Work/qa_manga_web/venv/lib/python3.10/site-packages/allure_commons/_allure.py\", line 192, in impl\n    return func(*a, **kw)\n  [Previous line repeated 1 more time]\n  File \"/Users/razvan/Work/qa_manga_web/web_tests/test_reset_password.py\", line 42, in user_not_logged_in\n    pages['about_page'].user_is_not_logged_in()\n  File \"/Users/razvan/Work/qa_manga_web/venv/lib/python3.10/site-packages/allure_commons/_allure.py\", line 192, in impl\n    return func(*a, **kw)\n  File \"/Users/razvan/Work/qa_manga_web/pages/about_page.py\", line 33, in user_is_not_logged_in\n    status = self.is_elem_enabled(self.REGISTER_LINK)\n  File \"/Users/razvan/Work/qa_manga_web/pages/base_page.py\", line 104, in is_elem_enabled\n    el = self._wait.until(expected_conditions.visibility_of_element_located(webelement))\n  File \"/Users/razvan/Work/qa_manga_web/venv/lib/python3.10/site-packages/selenium/webdriver/support/wait.py\", line 86, in until\n    value = method(self._driver)\n  File \"/Users/razvan/Work/qa_manga_web/venv/lib/python3.10/site-packages/selenium/webdriver/support/expected_conditions.py\", line 139, in _predicate\n    return _element_if_visible(driver.find_element(*locator))\n  File \"/Users/razvan/Work/qa_manga_web/venv/lib/python3.10/site-packages/selenium/webdriver/remote/webdriver.py\", line 830, in find_element\n    return self.execute(Command.FIND_ELEMENT, {\"using\": by, \"value\": value})[\"value\"]\n  File \"/Users/razvan/Work/qa_manga_web/venv/lib/python3.10/site-packages/selenium/webdriver/remote/webdriver.py\", line 440, in execute\n    self.error_handler.check_response(response)\n  File \"/Users/razvan/Work/qa_manga_web/venv/lib/python3.10/site-packages/selenium/webdriver/remote/errorhandler.py\", line 245, in check_response\n    raise exception_class(message, screen, stacktrace)\n"}, "steps": [{"name": "Given User is not logged in.", "status": "broken", "statusDetails": {"message": "selenium.common.exceptions.NoSuchWindowException: Message: no such window: target window already closed\nfrom unknown error: web view not found\n  (Session info: chrome=109.0.5414.119)\nStacktrace:\n0   chromedriver                        0x0000000104a930fc chromedriver + 4223228\n1   chromedriver                        0x0000000104a1b284 chromedriver + 3732100\n2   chromedriver                        0x00000001046cf5c8 chromedriver + 275912\n3   chromedriver                        0x00000001046a97b0 chromedriver + 120752\n4   chromedriver                        0x00000001047300f8 chromedriver + 671992\n5   chromedriver                        0x0000000104742b18 chromedriver + 748312\n6   chromedriver                        0x00000001046fd748 chromedriver + 464712\n7   chromedriver                        0x00000001046fe7f0 chromedriver + 468976\n8   chromedriver                        0x0000000104a63e08 chromedriver + 4029960\n9   chromedriver                        0x0000000104a67698 chromedriver + 4044440\n10  chromedriver                        0x0000000104a67cc0 chromedriver + 4046016\n11  chromedriver                        0x0000000104a6e4c4 chromedriver + 4072644\n12  chromedriver                        0x0000000104a6836c chromedriver + 4047724\n13  chromedriver                        0x0000000104a40bd8 chromedriver + 3886040\n14  chromedriver                        0x0000000104a84efc chromedriver + 4165372\n15  chromedriver                        0x0000000104a85050 chromedriver + 4165712\n16  chromedriver                        0x0000000104a99e20 chromedriver + 4251168\n17  libsystem_pthread.dylib             0x0000000189a5d06c _pthread_start + 148\n18  libsystem_pthread.dylib             0x0000000189a57e2c thread_start + 8\n\n", "trace": "  File \"/Users/razvan/Work/qa_manga_web/venv/lib/python3.10/site-packages/allure_commons/_allure.py\", line 192, in impl\n    return func(*a, **kw)\n  File \"/Users/razvan/Work/qa_manga_web/venv/lib/python3.10/site-packages/allure_commons/_allure.py\", line 192, in impl\n    return func(*a, **kw)\n  File \"/Users/razvan/Work/qa_manga_web/venv/lib/python3.10/site-packages/allure_commons/_allure.py\", line 192, in impl\n    return func(*a, **kw)\n  File \"/Users/razvan/Work/qa_manga_web/web_tests/test_reset_password.py\", line 42, in user_not_logged_in\n    pages['about_page'].user_is_not_logged_in()\n  File \"/Users/razvan/Work/qa_manga_web/venv/lib/python3.10/site-packages/allure_commons/_allure.py\", line 192, in impl\n    return func(*a, **kw)\n  File \"/Users/razvan/Work/qa_manga_web/pages/about_page.py\", line 33, in user_is_not_logged_in\n    status = self.is_elem_enabled(self.REGISTER_LINK)\n  File \"/Users/razvan/Work/qa_manga_web/pages/base_page.py\", line 104, in is_elem_enabled\n    el = self._wait.until(expected_conditions.visibility_of_element_located(webelement))\n  File \"/Users/razvan/Work/qa_manga_web/venv/lib/python3.10/site-packages/selenium/webdriver/support/wait.py\", line 86, in until\n    value = method(self._driver)\n  File \"/Users/razvan/Work/qa_manga_web/venv/lib/python3.10/site-packages/selenium/webdriver/support/expected_conditions.py\", line 139, in _predicate\n    return _element_if_visible(driver.find_element(*locator))\n  File \"/Users/razvan/Work/qa_manga_web/venv/lib/python3.10/site-packages/selenium/webdriver/remote/webdriver.py\", line 830, in find_element\n    return self.execute(Command.FIND_ELEMENT, {\"using\": by, \"value\": value})[\"value\"]\n  File \"/Users/razvan/Work/qa_manga_web/venv/lib/python3.10/site-packages/selenium/webdriver/remote/webdriver.py\", line 440, in execute\n    self.error_handler.check_response(response)\n  File \"/Users/razvan/Work/qa_manga_web/venv/lib/python3.10/site-packages/selenium/webdriver/remote/errorhandler.py\", line 245, in check_response\n    raise exception_class(message, screen, stacktrace)\n"}, "steps": [{"name": "Given User is not logged in.", "status": "broken", "statusDetails": {"message": "selenium.common.exceptions.NoSuchWindowException: Message: no such window: target window already closed\nfrom unknown error: web view not found\n  (Session info: chrome=109.0.5414.119)\nStacktrace:\n0   chromedriver                        0x0000000104a930fc chromedriver + 4223228\n1   chromedriver                        0x0000000104a1b284 chromedriver + 3732100\n2   chromedriver                        0x00000001046cf5c8 chromedriver + 275912\n3   chromedriver                        0x00000001046a97b0 chromedriver + 120752\n4   chromedriver                        0x00000001047300f8 chromedriver + 671992\n5   chromedriver                        0x0000000104742b18 chromedriver + 748312\n6   chromedriver                        0x00000001046fd748 chromedriver + 464712\n7   chromedriver                        0x00000001046fe7f0 chromedriver + 468976\n8   chromedriver                        0x0000000104a63e08 chromedriver + 4029960\n9   chromedriver                        0x0000000104a67698 chromedriver + 4044440\n10  chromedriver                        0x0000000104a67cc0 chromedriver + 4046016\n11  chromedriver                        0x0000000104a6e4c4 chromedriver + 4072644\n12  chromedriver                        0x0000000104a6836c chromedriver + 4047724\n13  chromedriver                        0x0000000104a40bd8 chromedriver + 3886040\n14  chromedriver                        0x0000000104a84efc chromedriver + 4165372\n15  chromedriver                        0x0000000104a85050 chromedriver + 4165712\n16  chromedriver                        0x0000000104a99e20 chromedriver + 4251168\n17  libsystem_pthread.dylib             0x0000000189a5d06c _pthread_start + 148\n18  libsystem_pthread.dylib             0x0000000189a57e2c thread_start + 8\n\n", "trace": "  File \"/Users/razvan/Work/qa_manga_web/venv/lib/python3.10/site-packages/allure_commons/_allure.py\", line 192, in impl\n    return func(*a, **kw)\n  File \"/Users/razvan/Work/qa_manga_web/venv/lib/python3.10/site-packages/allure_commons/_allure.py\", line 192, in impl\n    return func(*a, **kw)\n  File \"/Users/razvan/Work/qa_manga_web/web_tests/test_reset_password.py\", line 42, in user_not_logged_in\n    pages['about_page'].user_is_not_logged_in()\n  File \"/Users/razvan/Work/qa_manga_web/venv/lib/python3.10/site-packages/allure_commons/_allure.py\", line 192, in impl\n    return func(*a, **kw)\n  File \"/Users/razvan/Work/qa_manga_web/pages/about_page.py\", line 33, in user_is_not_logged_in\n    status = self.is_elem_enabled(self.REGISTER_LINK)\n  File \"/Users/razvan/Work/qa_manga_web/pages/base_page.py\", line 104, in is_elem_enabled\n    el = self._wait.until(expected_conditions.visibility_of_element_located(webelement))\n  File \"/Users/razvan/Work/qa_manga_web/venv/lib/python3.10/site-packages/selenium/webdriver/support/wait.py\", line 86, in until\n    value = method(self._driver)\n  File \"/Users/razvan/Work/qa_manga_web/venv/lib/python3.10/site-packages/selenium/webdriver/support/expected_conditions.py\", line 139, in _predicate\n    return _element_if_visible(driver.find_element(*locator))\n  File \"/Users/razvan/Work/qa_manga_web/venv/lib/python3.10/site-packages/selenium/webdriver/remote/webdriver.py\", line 830, in find_element\n    return self.execute(Command.FIND_ELEMENT, {\"using\": by, \"value\": value})[\"value\"]\n  File \"/Users/razvan/Work/qa_manga_web/venv/lib/python3.10/site-packages/selenium/webdriver/remote/webdriver.py\", line 440, in execute\n    self.error_handler.check_response(response)\n  File \"/Users/razvan/Work/qa_manga_web/venv/lib/python3.10/site-packages/selenium/webdriver/remote/errorhandler.py\", line 245, in check_response\n    raise exception_class(message, screen, stacktrace)\n"}, "steps": [{"name": "User is not logged in.", "status": "broken", "statusDetails": {"message": "selenium.common.exceptions.NoSuchWindowException: Message: no such window: target window already closed\nfrom unknown error: web view not found\n  (Session info: chrome=109.0.5414.119)\nStacktrace:\n0   chromedriver                        0x0000000104a930fc chromedriver + 4223228\n1   chromedriver                        0x0000000104a1b284 chromedriver + 3732100\n2   chromedriver                        0x00000001046cf5c8 chromedriver + 275912\n3   chromedriver                        0x00000001046a97b0 chromedriver + 120752\n4   chromedriver                        0x00000001047300f8 chromedriver + 671992\n5   chromedriver                        0x0000000104742b18 chromedriver + 748312\n6   chromedriver                        0x00000001046fd748 chromedriver + 464712\n7   chromedriver                        0x00000001046fe7f0 chromedriver + 468976\n8   chromedriver                        0x0000000104a63e08 chromedriver + 4029960\n9   chromedriver                        0x0000000104a67698 chromedriver + 4044440\n10  chromedriver                        0x0000000104a67cc0 chromedriver + 4046016\n11  chromedriver                        0x0000000104a6e4c4 chromedriver + 4072644\n12  chromedriver                        0x0000000104a6836c chromedriver + 4047724\n13  chromedriver                        0x0000000104a40bd8 chromedriver + 3886040\n14  chromedriver                        0x0000000104a84efc chromedriver + 4165372\n15  chromedriver                        0x0000000104a85050 chromedriver + 4165712\n16  chromedriver                        0x0000000104a99e20 chromedriver + 4251168\n17  libsystem_pthread.dylib             0x0000000189a5d06c _pthread_start + 148\n18  libsystem_pthread.dylib             0x0000000189a57e2c thread_start + 8\n\n", "trace": "  File \"/Users/razvan/Work/qa_manga_web/venv/lib/python3.10/site-packages/allure_commons/_allure.py\", line 192, in impl\n    return func(*a, **kw)\n  File \"/Users/razvan/Work/qa_manga_web/web_tests/test_reset_password.py\", line 42, in user_not_logged_in\n    pages['about_page'].user_is_not_logged_in()\n  File \"/Users/razvan/Work/qa_manga_web/venv/lib/python3.10/site-packages/allure_commons/_allure.py\", line 192, in impl\n    return func(*a, **kw)\n  File \"/Users/razvan/Work/qa_manga_web/pages/about_page.py\", line 33, in user_is_not_logged_in\n    status = self.is_elem_enabled(self.REGISTER_LINK)\n  File \"/Users/razvan/Work/qa_manga_web/pages/base_page.py\", line 104, in is_elem_enabled\n    el = self._wait.until(expected_conditions.visibility_of_element_located(webelement))\n  File \"/Users/razvan/Work/qa_manga_web/venv/lib/python3.10/site-packages/selenium/webdriver/support/wait.py\", line 86, in until\n    value = method(self._driver)\n  File \"/Users/razvan/Work/qa_manga_web/venv/lib/python3.10/site-packages/selenium/webdriver/support/expected_conditions.py\", line 139, in _predicate\n    return _element_if_visible(driver.find_element(*locator))\n  File \"/Users/razvan/Work/qa_manga_web/venv/lib/python3.10/site-packages/selenium/webdriver/remote/webdriver.py\", line 830, in find_element\n    return self.execute(Command.FIND_ELEMENT, {\"using\": by, \"value\": value})[\"value\"]\n  File \"/Users/razvan/Work/qa_manga_web/venv/lib/python3.10/site-packages/selenium/webdriver/remote/webdriver.py\", line 440, in execute\n    self.error_handler.check_response(response)\n  File \"/Users/razvan/Work/qa_manga_web/venv/lib/python3.10/site-packages/selenium/webdriver/remote/errorhandler.py\", line 245, in check_response\n    raise exception_class(message, screen, stacktrace)\n"}, "steps": [{"name": "Checking if user is not logged in.", "status": "broken", "statusDetails": {"message": "selenium.common.exceptions.NoSuchWindowException: Message: no such window: target window already closed\nfrom unknown error: web view not found\n  (Session info: chrome=109.0.5414.119)\nStacktrace:\n0   chromedriver                        0x0000000104a930fc chromedriver + 4223228\n1   chromedriver                        0x0000000104a1b284 chromedriver + 3732100\n2   chromedriver                        0x00000001046cf5c8 chromedriver + 275912\n3   chromedriver                        0x00000001046a97b0 chromedriver + 120752\n4   chromedriver                        0x00000001047300f8 chromedriver + 671992\n5   chromedriver                        0x0000000104742b18 chromedriver + 748312\n6   chromedriver                        0x00000001046fd748 chromedriver + 464712\n7   chromedriver                        0x00000001046fe7f0 chromedriver + 468976\n8   chromedriver                        0x0000000104a63e08 chromedriver + 4029960\n9   chromedriver                        0x0000000104a67698 chromedriver + 4044440\n10  chromedriver                        0x0000000104a67cc0 chromedriver + 4046016\n11  chromedriver                        0x0000000104a6e4c4 chromedriver + 4072644\n12  chromedriver                        0x0000000104a6836c chromedriver + 4047724\n13  chromedriver                        0x0000000104a40bd8 chromedriver + 3886040\n14  chromedriver                        0x0000000104a84efc chromedriver + 4165372\n15  chromedriver                        0x0000000104a85050 chromedriver + 4165712\n16  chromedriver                        0x0000000104a99e20 chromedriver + 4251168\n17  libsystem_pthread.dylib             0x0000000189a5d06c _pthread_start + 148\n18  libsystem_pthread.dylib             0x0000000189a57e2c thread_start + 8\n\n", "trace": "  File \"/Users/razvan/Work/qa_manga_web/venv/lib/python3.10/site-packages/allure_commons/_allure.py\", line 192, in impl\n    return func(*a, **kw)\n  File \"/Users/razvan/Work/qa_manga_web/pages/about_page.py\", line 33, in user_is_not_logged_in\n    status = self.is_elem_enabled(self.REGISTER_LINK)\n  File \"/Users/razvan/Work/qa_manga_web/pages/base_page.py\", line 104, in is_elem_enabled\n    el = self._wait.until(expected_conditions.visibility_of_element_located(webelement))\n  File \"/Users/razvan/Work/qa_manga_web/venv/lib/python3.10/site-packages/selenium/webdriver/support/wait.py\", line 86, in until\n    value = method(self._driver)\n  File \"/Users/razvan/Work/qa_manga_web/venv/lib/python3.10/site-packages/selenium/webdriver/support/expected_conditions.py\", line 139, in _predicate\n    return _element_if_visible(driver.find_element(*locator))\n  File \"/Users/razvan/Work/qa_manga_web/venv/lib/python3.10/site-packages/selenium/webdriver/remote/webdriver.py\", line 830, in find_element\n    return self.execute(Command.FIND_ELEMENT, {\"using\": by, \"value\": value})[\"value\"]\n  File \"/Users/razvan/Work/qa_manga_web/venv/lib/python3.10/site-packages/selenium/webdriver/remote/webdriver.py\", line 440, in execute\n    self.error_handler.check_response(response)\n  File \"/Users/razvan/Work/qa_manga_web/venv/lib/python3.10/site-packages/selenium/webdriver/remote/errorhandler.py\", line 245, in check_response\n    raise exception_class(message, screen, stacktrace)\n"}, "start": 1675060554363, "stop": 1675060554364}], "parameters": [{"name": "pages", "value": "{'about_page': <pages.about_page.AboutPage object at 0x1096dde40>, 'login_page': <pages.login_page.LoginPage object at 0x1096dc0d0>, 'registration_page': <pages.registration_page.RegistrationPage object at 0x1096dfa00>, 'forgot_password_page': <pages.forgot_password_page.ForgotPasswordPage object at 0x1096dfb80>}"}], "start": 1675060554363, "stop": 1675060554365}], "parameters": [{"name": "pages", "value": "{'about_page': <pages.about_page.AboutPage object at 0x1096dde40>, 'login_page': <pages.login_page.LoginPage object at 0x1096dc0d0>, 'registration_page': <pages.registration_page.RegistrationPage object at 0x1096dfa00>, 'forgot_password_page': <pages.forgot_password_page.ForgotPasswordPage object at 0x1096dfb80>}"}], "start": 1675060554363, "stop": 1675060554365}], "parameters": [{"name": "pages", "value": "{'about_page': <pages.about_page.AboutPage object at 0x1096dde40>, 'login_page': <pages.login_page.LoginPage object at 0x1096dc0d0>, 'registration_page': <pages.registration_page.RegistrationPage object at 0x1096dfa00>, 'forgot_password_page': <pages.forgot_password_page.ForgotPasswordPage object at 0x1096dfb80>}"}], "start": 1675060554363, "stop": 1675060554365}], "parameters": [{"name": "pages", "value": "{'about_page': <pages.about_page.AboutPage object at 0x1096dde40>, 'login_page': <pages.login_page.LoginPage object at 0x1096dc0d0>, 'registration_page': <pages.registration_page.RegistrationPage object at 0x1096dfa00>, 'forgot_password_page': <pages.forgot_password_page.ForgotPasswordPage object at 0x1096dfb80>}"}], "start": 1675060554363, "stop": 1675060554365}], "parameters": [{"name": "pages", "value": "{'about_page': <pages.about_page.AboutPage object at 0x1096dde40>, 'login_page': <pages.login_page.LoginPage object at 0x1096dc0d0>, 'registration_page': <pages.registration_page.RegistrationPage object at 0x1096dfa00>, 'forgot_password_page': <pages.forgot_password_page.ForgotPasswordPage object at 0x1096dfb80>}"}], "start": 1675060554363, "stop": 1675060554365}], "parameters": [{"name": "feature", "value": {"gherkin_ast": {"gherkin_document": {"uri": "features/forgot_password.feature"}}, "uri": "features/forgot_password.feature", "filename": "/Users/razvan/Work/qa_manga_web/web_tests/features/forgot_password.feature", "scenarios": [{"ast_node_ids": ["3"], "id": "3", "name": "Register new user and then reset password for user", "language": "en", "steps": [{"ast_node_ids": ["0"], "id": "0", "text": "User is not logged in.", "type": "Context"}, {"ast_node_ids": ["1"], "id": "1", "text": "I create a new user.", "type": "Context"}, {"ast_node_ids": ["2"], "id": "2", "text": "I reset the password.", "type": "Outcome"}], "uri": "features/forgot_password.feature"}, {"ast_node_ids": ["7"], "id": "7", "name": "Reset password for a email that does not have an account", "language": "en", "steps": [{"ast_node_ids": ["4"], "id": "4", "text": "User is not logged in.", "type": "Context"}, {"ast_node_ids": ["5"], "id": "5", "text": "I go to the reset password page and try to reset the password.", "type": "Context"}, {"ast_node_ids": ["6"], "id": "6", "text": "I will receive an not found error.", "type": "Outcome"}], "uri": "features/forgot_password.feature"}, {"ast_node_ids": ["11"], "id": "11", "name": "Register new user and then and then reset password for user with an expired OTP code", "language": "en", "steps": [{"ast_node_ids": ["8"], "id": "8", "text": "User is not logged in.", "type": "Context"}, {"ast_node_ids": ["9"], "id": "9", "text": "I create a new user.", "type": "Context"}, {"ast_node_ids": ["10"], "id": "10", "text": "I reset the password by waiting for the first OTP to expire.", "type": "Outcome"}], "uri": "features/forgot_password.feature"}, {"ast_node_ids": ["16"], "id": "16", "name": "Register new user and then reset password for user then login", "language": "en", "steps": [{"ast_node_ids": ["12"], "id": "12", "text": "User is not logged in.", "type": "Context"}, {"ast_node_ids": ["13"], "id": "13", "text": "I create a new user.", "type": "Context"}, {"ast_node_ids": ["14"], "id": "14", "text": "I reset the password.", "type": "Context"}, {"ast_node_ids": ["15"], "id": "15", "text": "I log in with the new password.", "type": "Outcome"}], "uri": "features/forgot_password.feature"}, {"ast_node_ids": ["22"], "id": "22", "name": "Register new user and then reset password for user then login with old password", "language": "en", "steps": [{"ast_node_ids": ["17"], "id": "17", "text": "User is not logged in.", "type": "Context"}, {"ast_node_ids": ["18"], "id": "18", "text": "I create a new user.", "type": "Context"}, {"ast_node_ids": ["19"], "id": "19", "text": "I reset the password.", "type": "Context"}, {"ast_node_ids": ["20"], "id": "20", "text": "I log in with the old password.", "type": "Context"}, {"ast_node_ids": ["21"], "id": "21", "text": "I should get an error for invalid password.", "type": "Outcome"}], "uri": "features/forgot_password.feature"}, {"ast_node_ids": ["27"], "id": "27", "name": "Register new user and then try to reset password with invalid password", "language": "en", "steps": [{"ast_node_ids": ["23"], "id": "23", "text": "User is not logged in.", "type": "Context"}, {"ast_node_ids": ["24"], "id": "24", "text": "I create a new user.", "type": "Context"}, {"ast_node_ids": ["25"], "id": "25", "text": "I enter a invalid password for password reset.", "type": "Context"}, {"ast_node_ids": ["26"], "id": "26", "text": "I will get an invalid password error.", "type": "Outcome"}], "uri": "features/forgot_password.feature"}]}}, {"name": "scenario", "value": {"ast_node_ids": ["16"], "id": "16", "name": "Register new user and then reset password for user then login", "language": "en", "steps": [{"ast_node_ids": ["12"], "id": "12", "text": "User is not logged in.", "type": "Context"}, {"ast_node_ids": ["13"], "id": "13", "text": "I create a new user.", "type": "Context"}, {"ast_node_ids": ["14"], "id": "14", "text": "I reset the password.", "type": "Context"}, {"ast_node_ids": ["15"], "id": "15", "text": "I log in with the new password.", "type": "Outcome"}], "uri": "features/forgot_password.feature"}}], "start": 1675060554361, "stop": 1675060554366}], "attachments": [{"name": "log", "source": "d68056b9-b960-4a6d-8959-b0346e0d2105-attachment.txt", "type": "text/plain"}, {"name": "stdout", "source": "f88f06c0-b1da-414a-a7ae-63e3f6525ea8-attachment.txt", "type": "text/plain"}], "parameters": [{"name": "feature", "value": "Feature(gherkin_ast=AST(gherkin_document=GherkinDocument(comments=[], uri='features/forgot_password.feature')), uri='features/forgot_password.feature', filename='/Users/razvan/Work/qa_manga_web/web_tests/features/forgot_password.feature', scenarios=[Scenario(ast=AST(gherkin_document=GherkinDocument(comments=[], uri='features/forgot_password.feature')), ast_node_ids=['3'], id='3', name='Register new user and then reset password for user', language='en', steps=[Step(ast=AST(gherkin_document=GherkinDocument(comments=[], uri='features/forgot_password.feature')), ast_node_ids=['0'], id='0', text='User is not logged in.', type='Context', scenario=...), Step(ast=AST(gherkin_document=GherkinDocument(comments=[], uri='features/forgot_password.feature')), ast_node_ids=['1'], id='1', text='I create a new user.', type='Context', scenario=...), Step(ast=AST(gherkin_document=GherkinDocument(comments=[], uri='features/forgot_password.feature')), ast_node_ids=['2'], id='2', text='I reset the password.', type='Outcome', scenario=...)], tags=[], uri='features/forgot_password.feature', feature=...), Scenario(ast=AST(gherkin_document=GherkinDocument(comments=[], uri='features/forgot_password.feature')), ast_node_ids=['7'], id='7', name='Reset password for a email that does not have an account', language='en', steps=[Step(ast=AST(gherkin_document=GherkinDocument(comments=[], uri='features/forgot_password.feature')), ast_node_ids=['4'], id='4', text='User is not logged in.', type='Context', scenario=...), Step(ast=AST(gherkin_document=GherkinDocument(comments=[], uri='features/forgot_password.feature')), ast_node_ids=['5'], id='5', text='I go to the reset password page and try to reset the password.', type='Context', scenario=...), Step(ast=AST(gherkin_document=GherkinDocument(comments=[], uri='features/forgot_password.feature')), ast_node_ids=['6'], id='6', text='I will receive an not found error.', type='Outcome', scenario=...)], tags=[], uri='features/forgot_password.feature', feature=...), Scenario(ast=AST(gherkin_document=GherkinDocument(comments=[], uri='features/forgot_password.feature')), ast_node_ids=['11'], id='11', name='Register new user and then and then reset password for user with an expired OTP code', language='en', steps=[Step(ast=AST(gherkin_document=GherkinDocument(comments=[], uri='features/forgot_password.feature')), ast_node_ids=['8'], id='8', text='User is not logged in.', type='Context', scenario=...), Step(ast=AST(gherkin_document=GherkinDocument(comments=[], uri='features/forgot_password.feature')), ast_node_ids=['9'], id='9', text='I create a new user.', type='Context', scenario=...), Step(ast=AST(gherkin_document=GherkinDocument(comments=[], uri='features/forgot_password.feature')), ast_node_ids=['10'], id='10', text='I reset the password by waiting for the first OTP to expire.', type='Outcome', scenario=...)], tags=[], uri='features/forgot_password.feature', feature=...), Scenario(ast=AST(gherkin_document=GherkinDocument(comments=[], uri='features/forgot_password.feature')), ast_node_ids=['16'], id='16', name='Register new user and then reset password for user then login', language='en', steps=[Step(ast=AST(gherkin_document=GherkinDocument(comments=[], uri='features/forgot_password.feature')), ast_node_ids=['12'], id='12', text='User is not logged in.', type='Context', scenario=...), Step(ast=AST(gherkin_document=GherkinDocument(comments=[], uri='features/forgot_password.feature')), ast_node_ids=['13'], id='13', text='I create a new user.', type='Context', scenario=...), Step(ast=AST(gherkin_document=GherkinDocument(comments=[], uri='features/forgot_password.feature')), ast_node_ids=['14'], id='14', text='I reset the password.', type='Context', scenario=...), Step(ast=AST(gherkin_document=GherkinDocument(comments=[], uri='features/forgot_password.feature')), ast_node_ids=['15'], id='15', text='I log in with the new password.', type='Outcome', scenario=...)], tags=[], uri='features/forgot_password.feature', feature=...), Scenario(ast=AST(gherkin_document=GherkinDocument(comments=[], uri='features/forgot_password.feature')), ast_node_ids=['22'], id='22', name='Register new user and then reset password for user then login with old password', language='en', steps=[Step(ast=AST(gherkin_document=GherkinDocument(comments=[], uri='features/forgot_password.feature')), ast_node_ids=['17'], id='17', text='User is not logged in.', type='Context', scenario=...), Step(ast=AST(gherkin_document=GherkinDocument(comments=[], uri='features/forgot_password.feature')), ast_node_ids=['18'], id='18', text='I create a new user.', type='Context', scenario=...), Step(ast=AST(gherkin_document=GherkinDocument(comments=[], uri='features/forgot_password.feature')), ast_node_ids=['19'], id='19', text='I reset the password.', type='Context', scenario=...), Step(ast=AST(gherkin_document=GherkinDocument(comments=[], uri='features/forgot_password.feature')), ast_node_ids=['20'], id='20', text='I log in with the old password.', type='Context', scenario=...), Step(ast=AST(gherkin_document=GherkinDocument(comments=[], uri='features/forgot_password.feature')), ast_node_ids=['21'], id='21', text='I should get an error for invalid password.', type='Outcome', scenario=...)], tags=[], uri='features/forgot_password.feature', feature=...), Scenario(ast=AST(gherkin_document=GherkinDocument(comments=[], uri='features/forgot_password.feature')), ast_node_ids=['27'], id='27', name='Register new user and then try to reset password with invalid password', language='en', steps=[Step(ast=AST(gherkin_document=GherkinDocument(comments=[], uri='features/forgot_password.feature')), ast_node_ids=['23'], id='23', text='User is not logged in.', type='Context', scenario=...), Step(ast=AST(gherkin_document=GherkinDocument(comments=[], uri='features/forgot_password.feature')), ast_node_ids=['24'], id='24', text='I create a new user.', type='Context', scenario=...), Step(ast=AST(gherkin_document=GherkinDocument(comments=[], uri='features/forgot_password.feature')), ast_node_ids=['25'], id='25', text='I enter a invalid password for password reset.', type='Context', scenario=...), Step(ast=AST(gherkin_document=GherkinDocument(comments=[], uri='features/forgot_password.feature')), ast_node_ids=['26'], id='26', text='I will get an invalid password error.', type='Outcome', scenario=...)], tags=[], uri='features/forgot_password.feature', feature=...)])"}, {"name": "scenario", "value": "Scenario(ast=AST(gherkin_document=GherkinDocument(comments=[], uri='features/forgot_password.feature')), ast_node_ids=['16'], id='16', name='Register new user and then reset password for user then login', language='en', steps=[Step(ast=AST(gherkin_document=GherkinDocument(comments=[], uri='features/forgot_password.feature')), ast_node_ids=['12'], id='12', text='User is not logged in.', type='Context', scenario=...), Step(ast=AST(gherkin_document=GherkinDocument(comments=[], uri='features/forgot_password.feature')), ast_node_ids=['13'], id='13', text='I create a new user.', type='Context', scenario=...), Step(ast=AST(gherkin_document=GherkinDocument(comments=[], uri='features/forgot_password.feature')), ast_node_ids=['14'], id='14', text='I reset the password.', type='Context', scenario=...), Step(ast=AST(gherkin_document=GherkinDocument(comments=[], uri='features/forgot_password.feature')), ast_node_ids=['15'], id='15', text='I log in with the new password.', type='Outcome', scenario=...)], tags=[], uri='features/forgot_password.feature', feature=Feature(gherkin_ast=AST(gherkin_document=GherkinDocument(comments=[], uri='features/forgot_password.feature')), uri='features/forgot_password.feature', filename='/Users/razvan/Work/qa_manga_web/web_tests/features/forgot_password.feature', scenarios=[Scenario(ast=AST(gherkin_document=GherkinDocument(comments=[], uri='features/forgot_password.feature')), ast_node_ids=['3'], id='3', name='Register new user and then reset password for user', language='en', steps=[Step(ast=AST(gherkin_document=GherkinDocument(comments=[], uri='features/forgot_password.feature')), ast_node_ids=['0'], id='0', text='User is not logged in.', type='Context', scenario=...), Step(ast=AST(gherkin_document=GherkinDocument(comments=[], uri='features/forgot_password.feature')), ast_node_ids=['1'], id='1', text='I create a new user.', type='Context', scenario=...), Step(ast=AST(gherkin_document=GherkinDocument(comments=[], uri='features/forgot_password.feature')), ast_node_ids=['2'], id='2', text='I reset the password.', type='Outcome', scenario=...)], tags=[], uri='features/forgot_password.feature', feature=...), Scenario(ast=AST(gherkin_document=GherkinDocument(comments=[], uri='features/forgot_password.feature')), ast_node_ids=['7'], id='7', name='Reset password for a email that does not have an account', language='en', steps=[Step(ast=AST(gherkin_document=GherkinDocument(comments=[], uri='features/forgot_password.feature')), ast_node_ids=['4'], id='4', text='User is not logged in.', type='Context', scenario=...), Step(ast=AST(gherkin_document=GherkinDocument(comments=[], uri='features/forgot_password.feature')), ast_node_ids=['5'], id='5', text='I go to the reset password page and try to reset the password.', type='Context', scenario=...), Step(ast=AST(gherkin_document=GherkinDocument(comments=[], uri='features/forgot_password.feature')), ast_node_ids=['6'], id='6', text='I will receive an not found error.', type='Outcome', scenario=...)], tags=[], uri='features/forgot_password.feature', feature=...), Scenario(ast=AST(gherkin_document=GherkinDocument(comments=[], uri='features/forgot_password.feature')), ast_node_ids=['11'], id='11', name='Register new user and then and then reset password for user with an expired OTP code', language='en', steps=[Step(ast=AST(gherkin_document=GherkinDocument(comments=[], uri='features/forgot_password.feature')), ast_node_ids=['8'], id='8', text='User is not logged in.', type='Context', scenario=...), Step(ast=AST(gherkin_document=GherkinDocument(comments=[], uri='features/forgot_password.feature')), ast_node_ids=['9'], id='9', text='I create a new user.', type='Context', scenario=...), Step(ast=AST(gherkin_document=GherkinDocument(comments=[], uri='features/forgot_password.feature')), ast_node_ids=['10'], id='10', text='I reset the password by waiting for the first OTP to expire.', type='Outcome', scenario=...)], tags=[], uri='features/forgot_password.feature', feature=...), ..., Scenario(ast=AST(gherkin_document=GherkinDocument(comments=[], uri='features/forgot_password.feature')), ast_node_ids=['22'], id='22', name='Register new user and then reset password for user then login with old password', language='en', steps=[Step(ast=AST(gherkin_document=GherkinDocument(comments=[], uri='features/forgot_password.feature')), ast_node_ids=['17'], id='17', text='User is not logged in.', type='Context', scenario=...), Step(ast=AST(gherkin_document=GherkinDocument(comments=[], uri='features/forgot_password.feature')), ast_node_ids=['18'], id='18', text='I create a new user.', type='Context', scenario=...), Step(ast=AST(gherkin_document=GherkinDocument(comments=[], uri='features/forgot_password.feature')), ast_node_ids=['19'], id='19', text='I reset the password.', type='Context', scenario=...), Step(ast=AST(gherkin_document=GherkinDocument(comments=[], uri='features/forgot_password.feature')), ast_node_ids=['20'], id='20', text='I log in with the old password.', type='Context', scenario=...), Step(ast=AST(gherkin_document=GherkinDocument(comments=[], uri='features/forgot_password.feature')), ast_node_ids=['21'], id='21', text='I should get an error for invalid password.', type='Outcome', scenario=...)], tags=[], uri='features/forgot_password.feature', feature=...), Scenario(ast=AST(gherkin_document=GherkinDocument(comments=[], uri='features/forgot_password.feature')), ast_node_ids=['27'], id='27', name='Register new user and then try to reset password with invalid password', language='en', steps=[Step(ast=AST(gherkin_document=GherkinDocument(comments=[], uri='features/forgot_password.feature')), ast_node_ids=['23'], id='23', text='User is not logged in.', type='Context', scenario=...), Step(ast=AST(gherkin_document=GherkinDocument(comments=[], uri='features/forgot_password.feature')), ast_node_ids=['24'], id='24', text='I create a new user.', type='Context', scenario=...), Step(ast=AST(gherkin_document=GherkinDocument(comments=[], uri='features/forgot_password.feature')), ast_node_ids=['25'], id='25', text='I enter a invalid password for password reset.', type='Context', scenario=...), Step(ast=AST(gherkin_document=GherkinDocument(comments=[], uri='features/forgot_password.feature')), ast_node_ids=['26'], id='26', text='I will get an invalid password error.', type='Outcome', scenario=...)], tags=[], uri='features/forgot_password.feature', feature=...)]))"}], "start": 1675060554361, "stop": 1675060554366, "uuid": "315a390e-960b-4d28-bb0b-54f4edbba9ca", "historyId": "90fa0005b07e8a4721e42cce08eac6c7", "testCaseId": "57751742b4660f538a570923535cb2a4", "fullName": "test_reset_password#test", "labels": [{"name": "framework", "value": "pytest-bdd"}, {"name": "language", "value": "cpython3"}, {"name": "feature", "value": "Forgot password tests"}, {"name": "tag", "value": "@pytest.mark.usefixtures('feature', 'scenario')"}, {"name": "tag", "value": "pytest_bdd_scenario"}, {"name": "suite", "value": "test_reset_password"}, {"name": "host", "value": "Razvans-MacBook-Pro.local"}, {"name": "thread", "value": "14332-MainThread"}, {"name": "framework", "value": "pytest"}, {"name": "language", "value": "cpython3"}, {"name": "package", "value": "test_reset_password"}]}